C51 COMPILER V9.54   MAIN                                                                  10/22/2021 16:53:33 PAGE 1   


C51 COMPILER V9.54, COMPILATION OF MODULE MAIN
OBJECT MODULE PLACED IN .\Objects\main.obj
COMPILER INVOKED BY: D:\work-software\Keil5\C51\BIN\C51.EXE main.c OPTIMIZE(8,SPEED) BROWSE DEBUG OBJECTEXTEND PRINT(.\L
                    -istings\main.lst) TABS(2) OBJECT(.\Objects\main.obj)

line level    source

   1          #include <REGX52.H>
   2          
   3          //void main()
   4          //{
   5          //  P2_4=1; //C
   6          //  P2_3=0; //B
   7          //  P2_2=0; //A  CBA 为100 即Y4为0,其他为1
   8          //  P0=0x7D;//为了显示6 0111 1101 让acdegef亮 b dp灭 
   9          //  //abcdegf dp 对应为P00~P07
  10          //  //即0x7D
  11          //  while(1)
  12          //  {
  13          //    
  14          //  }
  15          //}
  16          
  17          unsigned char NixieTable[]={0x3F,0x06,0x5B,0x4F,0x66,0x6D,0x7D,0x07,0x7F,0x6F};
  18          void NixieTube(unsigned char Location,Number)//NixieTube 数码管
  19          {
  20   1        switch(Location)    
  21   1        {
  22   2          case 1:P2_4=1;P2_3=1;P2_2=1;break;
  23   2          case 2:P2_4=1;P2_3=1;P2_2=0;break;
  24   2          case 3:P2_4=1;P2_3=0;P2_2=1;break;
  25   2          case 4:P2_4=1;P2_3=0;P2_2=0;break;
  26   2          case 5:P2_4=0;P2_3=1;P2_2=1;break;
  27   2          case 6:P2_4=0;P2_3=1;P2_2=0;break;
  28   2          case 7:P2_4=0;P2_3=0;P2_2=1;break;
  29   2          case 8:P2_4=0;P2_3=0;P2_2=0;break;
  30   2        }
  31   1        P0=NixieTable[Number];
  32   1      }
  33          
  34          void main()
  35          {
  36   1        NixieTube(8,1);
  37   1        while(1)
  38   1        {
  39   2          
  40   2        }
  41   1      }


MODULE INFORMATION:   STATIC OVERLAYABLE
   CODE SIZE        =    110    ----
   CONSTANT SIZE    =   ----    ----
   XDATA SIZE       =   ----    ----
   PDATA SIZE       =   ----    ----
   DATA SIZE        =     10    ----
   IDATA SIZE       =   ----    ----
   BIT SIZE         =   ----    ----
END OF MODULE INFORMATION.


C51 COMPILATION COMPLETE.  0 WARNING(S),  0 ERROR(S)
