C51 COMPILER V9.54   MAIN                                                                  10/22/2021 17:12:41 PAGE 1   


C51 COMPILER V9.54, COMPILATION OF MODULE MAIN
OBJECT MODULE PLACED IN .\Objects\main.obj
COMPILER INVOKED BY: D:\work-software\Keil5\C51\BIN\C51.EXE main.c OPTIMIZE(8,SPEED) BROWSE DEBUG OBJECTEXTEND PRINT(.\L
                    -istings\main.lst) TABS(2) OBJECT(.\Objects\main.obj)

line level    source

   1          #include <REGX52.H>
   2          
   3          unsigned char NixieTable[]={0x3F,0x06,0x5B,0x4F,0x66,0x6D,0x7D,0x07,0x7F,0x6F};
   4          
   5          
   6          void Delay(unsigned int xms)
   7          {
   8   1        unsigned char i, j;
   9   1        while(xms--)
  10   1        {
  11   2          i = 2;
  12   2          j = 239;
  13   2          do
  14   2          {
  15   3            while (--j);
  16   3          } while (--i);
  17   2        }
  18   1      }
  19          
  20          
  21          void Nixie(unsigned char Location,Number)
  22          {
  23   1        switch(Location)    
  24   1        {
  25   2          case 1:P2_4=1;P2_3=1;P2_2=1;break;
  26   2          case 2:P2_4=1;P2_3=1;P2_2=0;break;
  27   2          case 3:P2_4=1;P2_3=0;P2_2=1;break;
  28   2          case 4:P2_4=1;P2_3=0;P2_2=0;break;
  29   2          case 5:P2_4=0;P2_3=1;P2_2=1;break;
  30   2          case 6:P2_4=0;P2_3=1;P2_2=0;break;
  31   2          case 7:P2_4=0;P2_3=0;P2_2=1;break;
  32   2          case 8:P2_4=0;P2_3=0;P2_2=0;break;
  33   2        }
  34   1        P0=NixieTable[Number];  
  35   1        Delay(1);       //消影
  36   1        P0=0x00;  
  37   1      }
  38          
  39          void main()
  40          {
  41   1        while(1)
  42   1        {
  43   2          //显示学号
  44   2          Nixie(1,2);   
  45   2          Nixie(2,0);   
  46   2          Nixie(3,2);   
  47   2          N ixie(4,0);  
*** ERROR C202 IN LINE 47 OF main.c: 'N': undefined identifier
*** ERROR C141 IN LINE 47 OF main.c: syntax error near 'ixie'
  48   2          Nixie(5,1);   
  49   2          Nixie(6,3);   
  50   2          Nixie(7,5);   
  51   2          Nixie(8,7);     
  52   2        }
C51 COMPILER V9.54   MAIN                                                                  10/22/2021 17:12:41 PAGE 2   

  53   1      }

C51 COMPILATION COMPLETE.  0 WARNING(S),  2 ERROR(S)
