C51 COMPILER V9.54   MOTOR                                                                 06/06/2022 14:39:50 PAGE 1   


C51 COMPILER V9.54, COMPILATION OF MODULE MOTOR
OBJECT MODULE PLACED IN .\Objects\Motor.obj
COMPILER INVOKED BY: D:\work-software\Keil5\C51\BIN\C51.EXE Motor.c OPTIMIZE(8,SPEED) BROWSE DEBUG OBJECTEXTEND PRINT(.\
                    -Listings\Motor.lst) TABS(2) OBJECT(.\Objects\Motor.obj)

line level    source

   1          #include <reg51.h>
   2          #include <intrins.h>
   3          #include <stdio.h>
   4          
   5          typedef unsigned int uint;
   6          typedef unsigned char uchar;
   7          
   8          /********************引脚定义********************/
   9          sbit LED_1 = P1^0;      //高温报警LED
  10          sbit LED_2 = P1^3;      //低温报警LED
  11          sbit MOTOR_1 = P1^6;    //电机正转
  12          sbit MOTOR_2 = P1^7;    //电机反转
  13          /************************************************/
  14          
  15          /********************全局变量********************/
  16          #define LedTime 200         //200 * 1ms = 200ms
  17          volatile uchar LED_1ms = 0;
  18          volatile uchar Rec_Data = 0;
  19          /************************************************/
  20          
  21          /********************函数声明********************/
  22          void Timer0Init(void);
  23          void UartInit(void);
  24          void TempProc(void);
  25          /************************************************/
  26          
  27          /*********************主函数*********************/
  28          int main(void)
  29          {
  30   1        UartInit();
  31   1        Timer0Init();
  32   1        while(1)
  33   1        {
  34   2          TempProc();
  35   2        }
  36   1      }
  37          /************************************************/
  38          
  39          /*******************计数器0模块*******************/
  40          void Timer0Init(void)
  41          {
  42   1        TMOD |= 0X01; //选择为定时器0模式，工作方式1，仅用TR0打开启动。
  43   1        TH0 = 0xFC;   //给定时器赋初值，定时1ms
  44   1        TL0 = 0x18; 
  45   1        ET0 = 1;      //打开定时器0中断允许
  46   1        EA = 1;       //打开总中断
  47   1        TR0 = 1;      //打开定时器
  48   1      }
  49          
  50          void Timer0(void) interrupt 1
  51          {
  52   1        TH0 = 0xFC;   //给定时器赋初值，定时1ms
  53   1        TL0 = 0x18;
  54   1        LED_1ms ++;
C51 COMPILER V9.54   MOTOR                                                                 06/06/2022 14:39:50 PAGE 2   

  55   1      }
  56          /************************************************/
  57          
  58          /*******************串口通信模块*******************/
  59          void UartInit(void)
  60          {
  61   1        SCON = 0x50;    //设置为工作方式1
  62   1        TMOD |= 0x20;   //设置计数器工作方式2
  63   1        PCON = 0x80;    //波特率加倍
  64   1        TH1=0xF3;       //计数器初始值设置，注意波特率是4800的
  65   1        TL1=0xF3;
  66   1        ES=1;           //打开接收中断
  67   1        EA=1;           //打开总中断
  68   1        TR1=1;          //打开计数器
  69   1      }
  70          
  71          void Uart(void) interrupt 4
  72          {
  73   1        Rec_Data = SBUF;  //出去接收到的数据
  74   1        RI = 0;             //清除接收中断标志位
  75   1      }
  76          /************************************************/
  77          
  78          /*******************温度处理模块*******************/
  79          void TempProc(void)
  80          {
  81   1        if (LED_1ms >= LedTime)
  82   1        {
  83   2          LED_1ms = 0;
  84   2          if (Rec_Data == 'A')
  85   2          {
  86   3            MOTOR_1 = 1;
  87   3            MOTOR_2 = 0;
  88   3            LED_1 = 1;
  89   3            LED_2 = ~LED_2;
  90   3          }
  91   2          else if (Rec_Data == 'B')
  92   2          {
  93   3            MOTOR_1 = 0;
  94   3            MOTOR_2 = 1;
  95   3            LED_1 = ~LED_1;
  96   3            LED_2 = 1;
  97   3          }
  98   2          else
  99   2          {
 100   3            MOTOR_1 = 0;
 101   3            MOTOR_2 = 0;
 102   3            LED_1 = 1;
 103   3            LED_2 = 1;
 104   3          }
 105   2        }
 106   1      }
 107          /************************************************/


MODULE INFORMATION:   STATIC OVERLAYABLE
   CODE SIZE        =    111    ----
   CONSTANT SIZE    =   ----    ----
   XDATA SIZE       =   ----    ----
   PDATA SIZE       =   ----    ----
   DATA SIZE        =      2    ----
   IDATA SIZE       =   ----    ----
C51 COMPILER V9.54   MOTOR                                                                 06/06/2022 14:39:50 PAGE 3   

   BIT SIZE         =   ----    ----
END OF MODULE INFORMATION.


C51 COMPILATION COMPLETE.  0 WARNING(S),  0 ERROR(S)
