Added Component: Designator=U1(DIP-40W)
Add Pin To Net: Unknown Pin: Pin D1-A
Add Pin To Net: Unknown Pin: Pin D1-K
Add Pin To Net: Unknown Pin: Pin J2-4
Add Pin To Net: Unknown Pin: Pin K0-2
Add Pin To Net: Unknown Pin: Pin Q1-3
Add Pin To Net: Unknown Pin: Pin S2-2
Add Pin To Net: Unknown Pin: Pin S3-2
Add Pin To Net: Unknown Pin: Pin S4-2
Add Pin To Net: Unknown Pin: Pin S5-2
Add Pin To Net: Unknown Pin: Pin S6-2
Add Pin To Net: Unknown Pin: Pin S7-2
Add Pin To Net: Unknown Pin: Pin S8-2
Add Pin To Net: Unknown Pin: Pin S9-2
Add Pin To Net: Unknown Pin: Pin S10-2
Add Pin To Net: Unknown Pin: Pin S11-2
Add Pin To Net: Unknown Pin: Pin S12-2
Add Pin To Net: Unknown Pin: Pin S13-2
Add Pin To Net: Unknown Pin: Pin S14-2
Add Pin To Net: Unknown Pin: Pin S15-2
Add Pin To Net: Unknown Pin: Pin S16-2
Add Pin To Net: Unknown Pin: Pin S17-2
Added Pin To Net: NetName=P10 Pin=U1-1
Added Pin To Net: NetName=P11 Pin=U1-2
Added Pin To Net: NetName=P12 Pin=U1-3
Added Pin To Net: NetName=P13 Pin=U1-4
Added Pin To Net: NetName=P14 Pin=U1-5
Added Pin To Net: NetName=P15 Pin=U1-6
Added Pin To Net: NetName=P16 Pin=U1-7
Added Pin To Net: NetName=P17 Pin=U1-8
Added Pin To Net: NetName=NetC3_2 Pin=U1-9
Added Pin To Net: NetName=NetJ2_2 Pin=U1-10
Added Pin To Net: NetName=NetJ2_3 Pin=U1-11
Added Pin To Net: NetName=SCL Pin=U1-12
Added Pin To Net: NetName=SDA Pin=U1-13
Added Pin To Net: NetName=P34 Pin=U1-14
Added Pin To Net: NetName=P35 Pin=U1-15
Added Pin To Net: NetName=NetC1_1 Pin=U1-18
Added Pin To Net: NetName=NetC2_2 Pin=U1-19
Added Pin To Net: NetName=GND Pin=U1-20
Added Pin To Net: NetName=NetU1_21 Pin=U1-21
Added Pin To Net: NetName=NetU1_22 Pin=U1-22
Added Pin To Net: NetName=P23 Pin=U1-23
Added Pin To Net: NetName=P24 Pin=U1-24
Added Pin To Net: NetName=P25 Pin=U1-25
Added Pin To Net: NetName=NetLCD1_4 Pin=U1-26
Added Pin To Net: NetName=NetLCD1_5 Pin=U1-27
Added Pin To Net: NetName=NetLCD1_6 Pin=U1-28
Added Pin To Net: NetName=VCC Pin=U1-31
Added Pin To Net: NetName=NetLCD1_14 Pin=U1-32
Added Pin To Net: NetName=NetLCD1_13 Pin=U1-33
Added Pin To Net: NetName=NetLCD1_12 Pin=U1-34
Added Pin To Net: NetName=NetLCD1_11 Pin=U1-35
Added Pin To Net: NetName=NetLCD1_10 Pin=U1-36
Added Pin To Net: NetName=NetLCD1_9 Pin=U1-37
Added Pin To Net: NetName=NetLCD1_8 Pin=U1-38
Added Pin To Net: NetName=NetLCD1_7 Pin=U1-39
Added Pin To Net: NetName=VCC Pin=U1-40
Add Pin To Net: Unknown Pin: Pin W1-3
Added Member To Class: ClassName=MAIN Member=Component U1 CPU
Added Room: Name=MAIN
