Add Component: Footprint Not Found 电容7mm
Add Component: Footprint Not Found 瓷片电容
Add Component: Footprint Not Found 电容7mm
Add Component: Footprint Not Found 瓷片电容
Add Component: Footprint Not Found 电容4mm
Add Component: Footprint Not Found 瓷片电容
Add Component: Footprint Not Found 瓷片电容
Added Component: Designator=D1(3.2X1.6X1.1)
Add component (AddParameter): Name = "LatestRevisionDate"; Value = "08-Jul-2005"; VariantName = "[No Variations]"
Add component (AddParameter): Name = "LatestRevisionNote"; Value = "Mech Layer 1 removed."; VariantName = "[No Variations]"
Add component (AddParameter): Name = "PackageDescription"; Value = "LED; 2 Leads"; VariantName = "[No Variations]"
Add component (AddParameter): Name = "PackageReference"; Value = "LED-0"; VariantName = "[No Variations]"
Add component (AddParameter): Name = "Published"; Value = "8-Jun-2000"; VariantName = "[No Variations]"
Add component (AddParameter): Name = "Publisher"; Value = "Altium Limited"; VariantName = "[No Variations]"
Added Component: Designator=LS1(KINGS-KPEG242-2)
Add component (AddParameter): Name = "Category"; Value = "AudioIndicatorsandAlerts"; VariantName = "[No Variations]"
Add component (AddParameter): Name = "Current - Max"; Value = "7A"; VariantName = "[No Variations]"
Add component (AddParameter): Name = "Datasheet URL"; Value = "https://datasheet.ciiva.com/11776/0900766b8068f3a2-11776713.pdf"; VariantName = "[No Variations]"
Add component (AddParameter): Name = "Datasheet Version"; Value = "01/2006"; VariantName = "[No Variations]"
Add component (AddParameter): Name = "Frequency Range"; Value = "3600to4600Hz"; VariantName = "[No Variations]"
Add component (AddParameter): Name = "Manufacturer"; Value = "KingstateElectronicsCorp."; VariantName = "[No Variations]"
Add component (AddParameter): Name = "Manufacturer URL"; Value = "http://www.kingstate.com.tw/index.php/en/"; VariantName = "[No Variations]"
Add component (AddParameter): Name = "Maximum Resonant Frequency"; Value = "4600Hz"; VariantName = "[No Variations]"
Add component (AddParameter): Name = "Maximum Supply Current"; Value = "7mA"; VariantName = "[No Variations]"
Add component (AddParameter): Name = "Minimum Sound Pressure"; Value = "70dBA"; VariantName = "[No Variations]"
Add component (AddParameter): Name = "Mounting"; Value = "ThroughHole"; VariantName = "[No Variations]"
Add component (AddParameter): Name = "Mounting Technology"; Value = "ThroughHole"; VariantName = "[No Variations]"
Add component (AddParameter): Name = "Operating Temperature"; Value = "-20to70°C"; VariantName = "[No Variations]"
Add component (AddParameter): Name = "Package Description"; Value = "2-Pin Through Hole Device, Body Dia 13.7 mm, Pitch 7.62 mm"; VariantName = "[No Variations]"
Add component (AddParameter): Name = "Package Reference"; Value = "KPEG242"; VariantName = "[No Variations]"
Add component (AddParameter): Name = "PartNumber"; Value = "KPE-242"; VariantName = "[No Variations]"
Add component (AddParameter): Name = "Product Diameter"; Value = "13.7mm"; VariantName = "[No Variations]"
Add component (AddParameter): Name = "Product Height"; Value = "7.6mm"; VariantName = "[No Variations]"
Add component (AddParameter): Name = "Technology"; Value = "Piezo"; VariantName = "[No Variations]"
Add component (AddParameter): Name = "Termination Method"; Value = "Pin"; VariantName = "[No Variations]"
Add component (AddParameter): Name = "Tone Mode"; Value = "Continuous"; VariantName = "[No Variations]"
Add component (AddParameter): Name = "Type"; Value = "Indicator"; VariantName = "[No Variations]"
Add component (AddParameter): Name = "Typical Operating Supply Voltage"; Value = "12Vdc"; VariantName = "[No Variations]"
Added Component: Designator=P1(HDR1X9)
Add component (AddParameter): Name = "LatestRevisionDate"; Value = "17-Jul-2002"; VariantName = "[No Variations]"
Add component (AddParameter): Name = "LatestRevisionNote"; Value = "Re-released for DXP Platform."; VariantName = "[No Variations]"
Add component (AddParameter): Name = "Publisher"; Value = "Altium Limited"; VariantName = "[No Variations]"
Added Component: Designator=P2(HDR1X9)
Add component (AddParameter): Name = "LatestRevisionDate"; Value = "17-Jul-2002"; VariantName = "[No Variations]"
Add component (AddParameter): Name = "LatestRevisionNote"; Value = "Re-released for DXP Platform."; VariantName = "[No Variations]"
Add component (AddParameter): Name = "Publisher"; Value = "Altium Limited"; VariantName = "[No Variations]"
Added Component: Designator=P3(HDR1X9)
Add component (AddParameter): Name = "LatestRevisionDate"; Value = "17-Jul-2002"; VariantName = "[No Variations]"
Add component (AddParameter): Name = "LatestRevisionNote"; Value = "Re-released for DXP Platform."; VariantName = "[No Variations]"
Add component (AddParameter): Name = "Publisher"; Value = "Altium Limited"; VariantName = "[No Variations]"
Added Component: Designator=P4(HDR1X9)
Add component (AddParameter): Name = "LatestRevisionDate"; Value = "17-Jul-2002"; VariantName = "[No Variations]"
Add component (AddParameter): Name = "LatestRevisionNote"; Value = "Re-released for DXP Platform."; VariantName = "[No Variations]"
Add component (AddParameter): Name = "Publisher"; Value = "Altium Limited"; VariantName = "[No Variations]"
Add Component: Footprint Not Found COM1X16
Added Component: Designator=Q1(TO-92)
Add component (AddParameter): Name = "LatestRevisionDate"; Value = "29-May-2009"; VariantName = "[No Variations]"
Add component (AddParameter): Name = "LatestRevisionNote"; Value = "IPC-7351 Footprint Added."; VariantName = "[No Variations]"
Add component (AddParameter): Name = "PackageDescription"; Value = "3-Pin SOT-23 Package 0.95 mm Pitch, 2.4 mm Lead Span"; VariantName = "[No Variations]"
Add component (AddParameter): Name = "PackageReference"; Value = "SOT-23B"; VariantName = "[No Variations]"
Add component (AddParameter): Name = "PackageVersion"; Value = "Aug-1999"; VariantName = "[No Variations]"
Add component (AddParameter): Name = "Published"; Value = "8-Jun-2000"; VariantName = "[No Variations]"
Add component (AddParameter): Name = "Publisher"; Value = "Altium Limited"; VariantName = "[No Variations]"
Add Component: Footprint Not Found 电阻
Add Component: Footprint Not Found 电阻
Add Component: Footprint Not Found 电阻
Add Component: Footprint Not Found 电阻
Added Component: Designator=S1(DPST-4)
Add component (AddParameter): Name = "LatestRevisionDate"; Value = "17-Jul-2002"; VariantName = "[No Variations]"
Add component (AddParameter): Name = "LatestRevisionNote"; Value = "Re-released for DXP Platform."; VariantName = "[No Variations]"
Add component (AddParameter): Name = "PackageDescription"; Value = "Switch; 2 Leads"; VariantName = "[No Variations]"
Add component (AddParameter): Name = "PackageReference"; Value = "SPST-2"; VariantName = "[No Variations]"
Add component (AddParameter): Name = "Published"; Value = "24-Mar-1999"; VariantName = "[No Variations]"
Add component (AddParameter): Name = "Publisher"; Value = "Altium Limited"; VariantName = "[No Variations]"
Added Component: Designator=S2(DPST-4)
Add component (AddParameter): Name = "LatestRevisionDate"; Value = "17-Jul-2002"; VariantName = "[No Variations]"
Add component (AddParameter): Name = "LatestRevisionNote"; Value = "Re-released for DXP Platform."; VariantName = "[No Variations]"
Add component (AddParameter): Name = "PackageDescription"; Value = "Switch; 2 Leads"; VariantName = "[No Variations]"
Add component (AddParameter): Name = "PackageReference"; Value = "SPST-2"; VariantName = "[No Variations]"
Add component (AddParameter): Name = "Published"; Value = "24-Mar-1999"; VariantName = "[No Variations]"
Add component (AddParameter): Name = "Publisher"; Value = "Altium Limited"; VariantName = "[No Variations]"
Added Component: Designator=S3(DPST-4)
Add component (AddParameter): Name = "LatestRevisionDate"; Value = "17-Jul-2002"; VariantName = "[No Variations]"
Add component (AddParameter): Name = "LatestRevisionNote"; Value = "Re-released for DXP Platform."; VariantName = "[No Variations]"
Add component (AddParameter): Name = "PackageDescription"; Value = "Switch; 2 Leads"; VariantName = "[No Variations]"
Add component (AddParameter): Name = "PackageReference"; Value = "SPST-2"; VariantName = "[No Variations]"
Add component (AddParameter): Name = "Published"; Value = "24-Mar-1999"; VariantName = "[No Variations]"
Add component (AddParameter): Name = "Publisher"; Value = "Altium Limited"; VariantName = "[No Variations]"
Added Component: Designator=S4(DPST-4)
Add component (AddParameter): Name = "LatestRevisionDate"; Value = "17-Jul-2002"; VariantName = "[No Variations]"
Add component (AddParameter): Name = "LatestRevisionNote"; Value = "Re-released for DXP Platform."; VariantName = "[No Variations]"
Add component (AddParameter): Name = "PackageDescription"; Value = "Switch; 2 Leads"; VariantName = "[No Variations]"
Add component (AddParameter): Name = "PackageReference"; Value = "SPST-2"; VariantName = "[No Variations]"
Add component (AddParameter): Name = "Published"; Value = "24-Mar-1999"; VariantName = "[No Variations]"
Add component (AddParameter): Name = "Publisher"; Value = "Altium Limited"; VariantName = "[No Variations]"
Added Component: Designator=S5(DPST-4)
Add component (AddParameter): Name = "LatestRevisionDate"; Value = "17-Jul-2002"; VariantName = "[No Variations]"
Add component (AddParameter): Name = "LatestRevisionNote"; Value = "Re-released for DXP Platform."; VariantName = "[No Variations]"
Add component (AddParameter): Name = "PackageDescription"; Value = "Switch; 2 Leads"; VariantName = "[No Variations]"
Add component (AddParameter): Name = "PackageReference"; Value = "SPST-2"; VariantName = "[No Variations]"
Add component (AddParameter): Name = "Published"; Value = "24-Mar-1999"; VariantName = "[No Variations]"
Add component (AddParameter): Name = "Publisher"; Value = "Altium Limited"; VariantName = "[No Variations]"
Added Component: Designator=S6(DPST-4)
Add component (AddParameter): Name = "LatestRevisionDate"; Value = "17-Jul-2002"; VariantName = "[No Variations]"
Add component (AddParameter): Name = "LatestRevisionNote"; Value = "Re-released for DXP Platform."; VariantName = "[No Variations]"
Add component (AddParameter): Name = "PackageDescription"; Value = "Switch; 2 Leads"; VariantName = "[No Variations]"
Add component (AddParameter): Name = "PackageReference"; Value = "SPST-2"; VariantName = "[No Variations]"
Add component (AddParameter): Name = "Published"; Value = "24-Mar-1999"; VariantName = "[No Variations]"
Add component (AddParameter): Name = "Publisher"; Value = "Altium Limited"; VariantName = "[No Variations]"
Added Component: Designator=U1(ATML-40P6)
Add component (AddParameter): Name = "Datasheet URL"; Value = "http://ww1.microchip.com/downloads/en/DeviceDoc/doc1919.pdf"; VariantName = "[No Variations]"
Add component (AddParameter): Name = "Datasheet Version"; Value = "Rev. 1919D, 06/2008"; VariantName = "[No Variations]"
Add component (AddParameter): Name = "Manufacturer"; Value = "Microchip"; VariantName = "[No Variations]"
Add component (AddParameter): Name = "Manufacturer URL"; Value = "http://www.microchip.com/"; VariantName = "[No Variations]"
Add component (AddParameter): Name = "Mounting Technology"; Value = "ThroughHole"; VariantName = "[No Variations]"
Add component (AddParameter): Name = "Package Description"; Value = "40-Pin Plastic Double In-line Package, Body 52.324 x13.716 mm, Pitch 2.54 mm"; VariantName = "[No Variations]"
Add component (AddParameter): Name = "Package Reference"; Value = "40P6"; VariantName = "[No Variations]"
Add component (AddParameter): Name = "Package Version"; Value = "Rev. B, 09/2001"; VariantName = "[No Variations]"
Add component (AddParameter): Name = "RoHSCompliant"; Value = "false"; VariantName = "[No Variations]"
Added Component: Designator=Y1(R38)
Add component (AddParameter): Name = "LatestRevisionDate"; Value = "17-Jul-2002"; VariantName = "[No Variations]"
Add component (AddParameter): Name = "LatestRevisionNote"; Value = "Re-released for DXP Platform."; VariantName = "[No Variations]"
Add component (AddParameter): Name = "PackageDescription"; Value = "Crystal, Thru-Hole; 2 Leads; Body 3.1 x 8.2 mm (Dia.xH)"; VariantName = "[No Variations]"
Add component (AddParameter): Name = "PackageReference"; Value = "R38"; VariantName = "[No Variations]"
Add component (AddParameter): Name = "Published"; Value = "8-Jun-2000"; VariantName = "[No Variations]"
Add component (AddParameter): Name = "Publisher"; Value = "Altium Limited"; VariantName = "[No Variations]"
Added Pin To Net: NetName=GND Pin=D1-2
Added Pin To Net: NetName=GND Pin=P2-4
Added Pin To Net: NetName=GND Pin=P3-2
Added Pin To Net: NetName=GND Pin=P4-1
Added Pin To Net: NetName=GND Pin=P4-3
Added Pin To Net: NetName=GND Pin=Q1-1
Added Pin To Net: NetName=GND Pin=S1-2
Added Pin To Net: NetName=GND Pin=S2-2
Added Pin To Net: NetName=GND Pin=S3-2
Added Pin To Net: NetName=GND Pin=S4-2
Added Pin To Net: NetName=GND Pin=U1-20
Added Pin To Net: NetName=GND Pin=U1-31
Added Pin To Net: NetName=GND Pin=S1-3
Added Pin To Net: NetName=GND Pin=S2-3
Added Pin To Net: NetName=GND Pin=S3-3
Added Pin To Net: NetName=GND Pin=S4-3
Added Net: Name=GND
Added Pin To Net: NetName=NetC1_1 Pin=P4-2
Added Pin To Net: NetName=NetC1_1 Pin=S6-1
Added Pin To Net: NetName=NetC1_1 Pin=S6-4
Added Net: Name=NetC1_1
Added Pin To Net: NetName=NetD1_1 Pin=D1-1
Added Net: Name=NetD1_1
Added Pin To Net: NetName=NetLS1_2 Pin=LS1-2
Added Pin To Net: NetName=NetLS1_2 Pin=Q1-3
Added Net: Name=NetLS1_2
Added Pin To Net: NetName=NetP3_1 Pin=P3-1
Added Pin To Net: NetName=NetP3_1 Pin=S6-2
Added Pin To Net: NetName=NetP3_1 Pin=S6-3
Added Net: Name=NetP3_1
Added Net: Name=NetP5_3
Added Pin To Net: NetName=NetQ1_2 Pin=Q1-2
Added Net: Name=NetQ1_2
Added Pin To Net: NetName=P00 Pin=P1-2
Added Pin To Net: NetName=P00 Pin=U1-39
Added Net: Name=P00
Added Pin To Net: NetName=P01 Pin=P1-3
Added Pin To Net: NetName=P01 Pin=U1-38
Added Net: Name=P01
Added Pin To Net: NetName=P02 Pin=P1-4
Added Pin To Net: NetName=P02 Pin=U1-37
Added Net: Name=P02
Added Pin To Net: NetName=P03 Pin=P1-5
Added Pin To Net: NetName=P03 Pin=U1-36
Added Net: Name=P03
Added Pin To Net: NetName=P04 Pin=P1-6
Added Pin To Net: NetName=P04 Pin=U1-35
Added Net: Name=P04
Added Pin To Net: NetName=P05 Pin=P1-7
Added Pin To Net: NetName=P05 Pin=U1-34
Added Net: Name=P05
Added Pin To Net: NetName=P06 Pin=P1-8
Added Pin To Net: NetName=P06 Pin=U1-33
Added Net: Name=P06
Added Pin To Net: NetName=P07 Pin=P1-9
Added Pin To Net: NetName=P07 Pin=U1-32
Added Net: Name=P07
Added Pin To Net: NetName=P14 Pin=S1-1
Added Pin To Net: NetName=P14 Pin=U1-5
Added Pin To Net: NetName=P14 Pin=S1-4
Added Net: Name=P14
Added Pin To Net: NetName=P15 Pin=S2-1
Added Pin To Net: NetName=P15 Pin=U1-6
Added Pin To Net: NetName=P15 Pin=S2-4
Added Net: Name=P15
Added Pin To Net: NetName=P16 Pin=S3-1
Added Pin To Net: NetName=P16 Pin=U1-7
Added Pin To Net: NetName=P16 Pin=S3-4
Added Net: Name=P16
Added Pin To Net: NetName=P17 Pin=S4-1
Added Pin To Net: NetName=P17 Pin=U1-8
Added Pin To Net: NetName=P17 Pin=S4-4
Added Net: Name=P17
Added Pin To Net: NetName=P20 Pin=U1-21
Added Net: Name=P20
Added Pin To Net: NetName=P21 Pin=U1-22
Added Net: Name=P21
Added Pin To Net: NetName=P22 Pin=U1-23
Added Net: Name=P22
Added Pin To Net: NetName=P23 Pin=U1-24
Added Net: Name=P23
Added Pin To Net: NetName=P24 Pin=U1-25
Added Net: Name=P24
Added Pin To Net: NetName=P25 Pin=U1-26
Added Net: Name=P25
Added Pin To Net: NetName=P26 Pin=U1-27
Added Net: Name=P26
Added Pin To Net: NetName=P27 Pin=U1-28
Added Net: Name=P27
Added Pin To Net: NetName=P32 Pin=P2-2
Added Pin To Net: NetName=P32 Pin=U1-12
Added Net: Name=P32
Added Pin To Net: NetName=P33 Pin=P2-3
Added Pin To Net: NetName=P33 Pin=U1-13
Added Net: Name=P33
Added Pin To Net: NetName=RESET Pin=S5-1
Added Pin To Net: NetName=RESET Pin=U1-9
Added Pin To Net: NetName=RESET Pin=S5-4
Added Net: Name=RESET
Added Pin To Net: NetName=VCC Pin=LS1-1
Added Pin To Net: NetName=VCC Pin=P1-1
Added Pin To Net: NetName=VCC Pin=P2-1
Added Pin To Net: NetName=VCC Pin=P3-3
Added Pin To Net: NetName=VCC Pin=S5-2
Added Pin To Net: NetName=VCC Pin=U1-40
Added Pin To Net: NetName=VCC Pin=S5-3
Added Net: Name=VCC
Added Pin To Net: NetName=X1 Pin=U1-19
Added Pin To Net: NetName=X1 Pin=Y1-1
Added Net: Name=X1
Added Pin To Net: NetName=X2 Pin=U1-18
Added Pin To Net: NetName=X2 Pin=Y1-2
Added Net: Name=X2
Added Class: Name=HX711
Added Class: Name=LCD1602
Added Class: Name=单片机
Added Class: Name=复位
Added Class: Name=按键
Added Class: Name=晶振
Added Class: Name=电源电路
Added Class: Name=蜂鸣器
Added Room: Name=HX711
Added Room: Name=LCD1602
Added Room: Name=单片机
Added Room: Name=复位
Added Room: Name=按键
Added Room: Name=晶振
Added Room: Name=电源电路
Added Room: Name=蜂鸣器
