Change Footprint: Footprint Not Found MHDR1X4
Add Component: Footprint Not Found 电容7mm
Add Component: Footprint Not Found 瓷片电容
Add Component: Footprint Not Found 电容7mm
Add Component: Footprint Not Found 瓷片电容
Add Component: Footprint Not Found 电容4mm
Add Component: Footprint Not Found 瓷片电容
Add Component: Footprint Not Found 瓷片电容
Add Component: Footprint Not Found HDR1X16
Add Component: Footprint Not Found 电阻
Add Component: Footprint Not Found 电阻
Add Component: Footprint Not Found 电阻
Add Component: Footprint Not Found 电阻
Add Pin To Net: Unknown Pin: Pin C1-1
Add Pin To Net: Unknown Pin: Pin C1-2
Add Pin To Net: Unknown Pin: Pin C2-1
Add Pin To Net: Unknown Pin: Pin C2-2
Add Pin To Net: Unknown Pin: Pin C3-1
Add Pin To Net: Unknown Pin: Pin C3-2
Add Pin To Net: Unknown Pin: Pin C4-1
Add Pin To Net: Unknown Pin: Pin C4-2
Add Pin To Net: Unknown Pin: Pin C5-1
Add Pin To Net: Unknown Pin: Pin C5-2
Add Pin To Net: Unknown Pin: Pin C6-1
Add Pin To Net: Unknown Pin: Pin C6-2
Add Pin To Net: Unknown Pin: Pin C7-1
Add Pin To Net: Unknown Pin: Pin C7-2
Add Pin To Net: Unknown Pin: Pin P5-1
Add Pin To Net: Unknown Pin: Pin P5-2
Add Pin To Net: Unknown Pin: Pin P5-3
Add Pin To Net: Unknown Pin: Pin P5-4
Add Pin To Net: Unknown Pin: Pin P5-5
Add Pin To Net: Unknown Pin: Pin P5-6
Add Pin To Net: Unknown Pin: Pin P5-7
Add Pin To Net: Unknown Pin: Pin P5-8
Add Pin To Net: Unknown Pin: Pin P5-9
Add Pin To Net: Unknown Pin: Pin P5-10
Add Pin To Net: Unknown Pin: Pin P5-11
Add Pin To Net: Unknown Pin: Pin P5-12
Add Pin To Net: Unknown Pin: Pin P5-13
Add Pin To Net: Unknown Pin: Pin P5-14
Add Pin To Net: Unknown Pin: Pin P5-15
Add Pin To Net: Unknown Pin: Pin P5-16
Add Pin To Net: Unknown Pin: Pin R1-1
Add Pin To Net: Unknown Pin: Pin R1-2
Add Pin To Net: Unknown Pin: Pin R2-1
Add Pin To Net: Unknown Pin: Pin R2-2
Add Pin To Net: Unknown Pin: Pin R3-1
Add Pin To Net: Unknown Pin: Pin R3-2
Add Pin To Net: Unknown Pin: Pin R4-1
Add Pin To Net: Unknown Pin: Pin R4-2
Add Class Member: Failed to add class member : Component C1 Cap Pol1
Add Class Member: Failed to add class member : Component C2 Cap
Add Class Member: Failed to add class member : Component C3 Cap Pol1
Add Class Member: Failed to add class member : Component C4 Cap
Add Class Member: Failed to add class member : Component C5 Cap Pol1
Add Class Member: Failed to add class member : Component C6 Cap
Add Class Member: Failed to add class member : Component C7 Cap
Add Class Member: Failed to add class member : Component P5 LCD1602
Add Class Member: Failed to add class member : Component R1 Res2
Add Class Member: Failed to add class member : Component R2 Res2
Add Class Member: Failed to add class member : Component R3 Res2
Add Class Member: Failed to add class member : Component R4 Res2
Added Room: Name=HX711
Added Room: Name=LCD1602
Added Room: Name=单片机
Added Room: Name=复位
Added Room: Name=按键
Added Room: Name=晶振
Added Room: Name=电源电路
Added Room: Name=蜂鸣器
