C51 COMPILER V9.60.0.0   MCU                                                               06/25/2022 17:57:40 PAGE 1   


C51 COMPILER V9.60.0.0, COMPILATION OF MODULE MCU
OBJECT MODULE PLACED IN MCU.OBJ
COMPILER INVOKED BY: D:\Program Files (x86)\Keil5\C51\BIN\C51.EXE MCU.c OPTIMIZE(8,SPEED) BROWSE DEBUG OBJECTEXTEND

line level    source

   1          #include<REG52.H>
   2          #include<INTRINS.H>
   3          
   4          #define TIME (0X10000-50000)
   5          #define FLAG 0XEF               //闹钟标志
   6          //引脚连接图
   7          sbit rst=P3^5;
   8          sbit clk=P3^4;
   9          sbit dat=P3^3;
  10          sbit rs=P1^5;
  11          sbit rw=P1^6;
  12          sbit e=P1^7;
  13          sbit DQ=P1^4;        //温度输入口
  14          
  15          sbit ACC_7=ACC^7;
  16          //全局变量及常量定义
  17          unsigned char i=20,j,time1[16]; 
  18          unsigned char alarm[2],time2[15],time[3];
  19          unsigned char code Day[]={31,28,31,30,31,30,31,31,30,31,30,31};//12个月的最大日期(非闰年)
  20          //音律表
  21          unsigned int code table1[]={64260,64400,64524,64580,64684,64777,
  22          64820,64898,64968,65030,65058,65110,65157,65178,65217};
  23          //发声部分的延时时间
  24          unsigned char code table2[]={0x82,1,0x81,0xf4,0xd4,0xb4,0xa4,
  25          0x94,0xe2,1,0xe1,0xd4,0xb4,0xc4,0xb4,4,0};
  26          //LCD自建字
  27          unsigned char code tab[]={0x18,0x1b,5,4,4,5,3,0,
  28          0x08,0x0f,0x12,0x0f,0x0a,0x1f,0x02,0x02,//年
  29          0x0f,0x09,0x0f,0x09,0x0f,0x09,0x11,0x00,//月
  30          0x0f,0x09,0x09,0x0f,0x09,0x09,0x0f,0x00};//日 
  31          //*******温度小数部分用查表法**********//
  32          unsigned char code ditab[16]={0x00,0x01,0x01,0x02,0x03,0x03,0x04,0x04,0x05,0x06,0x06,0x07,0x08,0x08,0x09,0
             -x09};
  33          //闹钟中用的全局变量
  34          unsigned char th1,tl1;
  35          unsigned char temp_data[2]={0x00,0x00};               // 读出温度暂放
  36          bit flag;               //18b20存在标志位
  37          /***********11微秒延时函数**********/
  38          delay(unsigned int t)
  39          {
  40   1              for(;t>0;t--);
  41   1      }
  42          /***********18B20复位函数**********/
  43          RST18B20(void)
  44          {
  45   1              unsigned char i;
  46   1              DQ=1;_nop_();_nop_();
  47   1              DQ=0;    //
  48   1              delay(50); // 550us
  49   1              DQ=1;    // 
  50   1              delay(6);  // 66us
  51   1              for(i=0;i<0x30;i++)
  52   1              {
  53   2                      if(!DQ)
  54   2                              goto d1;                        
C51 COMPILER V9.60.0.0   MCU                                                               06/25/2022 17:57:40 PAGE 2   

  55   2              }
  56   1              flag=0;         //清标志位,表示ds1820不存在
  57   1              DQ=1;
  58   1              return;
  59   1      d1:     delay(45);    //延时500us
  60   1              flag=1;
  61   1              DQ=1;           //置标志位,表示ds1820存在
  62   1      } 
  63          /**********18B20写命令函数*********/
  64          //向 1-WIRE 总线上写一个字节
  65          void Write1Byte18B20(unsigned char val)
  66          {
  67   1              unsigned char i;
  68   1              for (i=8; i>0; i--) //
  69   1              {
  70   2                      DQ=1;_nop_();_nop_(); 
  71   2                      DQ=0;_nop_();_nop_();_nop_();_nop_();_nop_();//5us
  72   2                      DQ=val&0x01;      //最低位移出
  73   2                      delay(6);           //66us
  74   2                      val=val/2;          //右移一位
  75   2              }
  76   1              DQ=1;
  77   1              delay(1);  
  78   1      }
  79          /*********18B20读1个字节函数********/
  80          //从总线上读取一个字节
  81          unsigned char Read1Byte18B20(void)
  82          {
  83   1              unsigned char i;
  84   1              unsigned char value=0;
  85   1              for (i=8;i>0;i--)
  86   1              {
  87   2                      DQ=1;_nop_();_nop_();
  88   2                      value>>=1;
  89   2                      DQ=0;             //
  90   2                      _nop_();_nop_();_nop_();_nop_();   //4us
  91   2                      DQ=1;_nop_();_nop_();_nop_();_nop_();   //4us 
  92   2                      if(DQ)
  93   2                              value|=0x80;
  94   2                      delay(6);           //66us
  95   2              }
  96   1              DQ=1;
  97   1              return(value);
  98   1      }
  99          /***********读出温度函数**********/
 100          Read18B20()
 101          {
 102   1              RST18B20();                             //总线复位
 103   1              if(!flag)               //判断ds1820是否存在?若ds18b20不存在则返回
 104   1                      return;                         
 105   1                      
 106   1              //Write1Byte18B20(0xCC);                        // Skip ROM
 107   1              //Write1Byte18B20(0x44);                        // 发转换命令
 108   1              //delay(70);
 109   1              
 110   1              Write1Byte18B20(0xCC);                  //发Skip ROM命令
 111   1              Write1Byte18B20(0xBE);                  //发读命令
 112   1              temp_data[0]=Read1Byte18B20();   //温度低8位
 113   1              temp_data[1]=Read1Byte18B20();   //温度高8位    
 114   1              RST18B20();
 115   1              Write1Byte18B20(0xCC);                  // Skip ROM
 116   1              Write1Byte18B20(0x44);                  // 发转换命令
C51 COMPILER V9.60.0.0   MCU                                                               06/25/2022 17:57:40 PAGE 3   

 117   1      }
 118          /***********温度数据处理函数**********/
 119          DealTempData()
 120          {
 121   1              unsigned char n=0,m;       
 122   1              if(temp_data[1]>127)//负温度求补码
 123   1              {
 124   2                      temp_data[1]=(256-temp_data[1]);
 125   2                      temp_data[0]=(256-temp_data[0]);
 126   2                      n=1;
 127   2              }
 128   1              time2[13]=ditab[temp_data[0]&0x0f]+'0';
 129   1              time2[12]='.';
 130   1              m=((temp_data[0]&0xf0)>>4)|((temp_data[1]&0x0f)<<4);//
 131   1              if(n)
 132   1              {
 133   2                      m-=16;
 134   2              }
 135   1              time2[9]=m/100+'0';
 136   1              time2[11]=m%100;
 137   1              time2[10]=time2[11]/10+'0';
 138   1              time2[11]=time2[11]%10+'0';
 139   1              if(time2[9]=='0')//最高位为0时都不显示
 140   1              {
 141   2                      time2[9]=0x20;  
 142   2                      if(n)//负温度时最高位显示"-"
 143   2                      {
 144   3                              time2[9]='-';
 145   3                      }
 146   2                      if(time2[10]=='0')
 147   2                      {
 148   3                              if(n)
 149   3                              {
 150   4                                      time2[10]='-';
 151   4                                      time2[9]=0x20;
 152   4                              }
 153   3                              else
 154   3                                      time2[10]=0x20;
 155   3                              if(time2[11]=='0'&&time2[13]=='0')
 156   3                                      time2[11]=time2[12]=0x20;
 157   3                      }                       
 158   2              }
 159   1      }
 160          delay1ms(unsigned char time)            //延时1ms
 161          {
 162   1              unsigned char i,j;
 163   1              for(i=0;i<time;i++)
 164   1              {
 165   2                      for(j=0;j<250;j++);
 166   2              }
 167   1      }
 168          
 169          //使能1602
 170          EnableLCD()
 171          {
 172   1              rs=0;
 173   1              rw=0;
 174   1              e=0;
 175   1              delay1ms(3);
 176   1              e=1;
 177   1      }
 178          //写LCD函数
C51 COMPILER V9.60.0.0   MCU                                                               06/25/2022 17:57:40 PAGE 4   

 179          WriteLCD(unsigned char i)
 180          {
 181   1              P0=i;
 182   1              rs=1;
 183   1              rw=0;
 184   1              e=0;
 185   1              delay1ms(2);
 186   1              e=1;
 187   1      }
 188          //写LCD内部地址函数
 189          WriteLCDRAM(unsigned char data *address,m)
 190          {
 191   1              unsigned char i,j;
 192   1              for(i=0;i<m;i++,address++)
 193   1              {
 194   2                      j=*address;
 195   2                      WriteLCD(j);
 196   2              }
 197   1      }
 198          //LCD显示
 199          LCDSHOW()
 200          {
 201   1              P0=0XC;                         //显示器开、光标关
 202   1              EnableLCD();
 203   1              P0=0x80;                        //写入显示起始地址
 204   1              EnableLCD();
 205   1              WriteLCDRAM(time1,16);
 206   1              P0=0xc1;                        //写入显示起始地址
 207   1              EnableLCD();
 208   1              WriteLCDRAM(time2,15);
 209   1      }
 210          //自建字函数库
 211          DesignHZ()
 212          {
 213   1              unsigned char i;
 214   1              P0=0x40;
 215   1              EnableLCD();
 216   1              for(i=0;i<32;i++)
 217   1              {
 218   2                      WriteLCD(tab[i]);
 219   2                      delay1ms(2);    
 220   2              }
 221   1      }
 222          
 223          //写DS1302子程序
 224          WriteDS1302(unsigned char address)
 225          {
 226   1              unsigned char i;
 227   1              clk=0;
 228   1              _nop_();
 229   1              rst=1;
 230   1              _nop_();
 231   1              for(i=0;i<8;i++)
 232   1              {
 233   2                      dat=address&1;
 234   2                      _nop_();
 235   2                      clk=1;
 236   2                      address>>=1;
 237   2                      clk=0;
 238   2              }
 239   1      }
 240          //读DS1302子程序
C51 COMPILER V9.60.0.0   MCU                                                               06/25/2022 17:57:40 PAGE 5   

 241          unsigned char ReadDS1302()
 242          {
 243   1              unsigned char i,j=0;
 244   1              for(i=0;i<8;i++)
 245   1              {
 246   2                      j>>=1;
 247   2                      _nop_();
 248   2                      clk=0;
 249   2                      _nop_();
 250   2                      if(dat)
 251   2                              j|=0x80;
 252   2                      _nop_();
 253   2                      clk=1;
 254   2              }
 255   1              return(j);
 256   1      }
 257          //部分显示数据初始化
 258          TimeInit()
 259          {
 260   1              time1[1]=time1[13]=time2[8]=time2[9]=time2[10]=0x20,time2[14]=0;
 261   1              time1[6]=1,time1[9]=2,time1[12]=3,time1[2]='2',time1[3]='0';
 262   1              time1[14]='W',time2[2]=time2[5]=':';
 263   1              WriteDS1302(0xc1);
 264   1              alarm[0]=ReadDS1302();
 265   1              rst=0;
 266   1              WriteDS1302(0xc3);
 267   1              alarm[1]=ReadDS1302();
 268   1              rst=0;
 269   1              WriteDS1302(0xc5);
 270   1              time1[0]=ReadDS1302();
 271   1              rst=0;
 272   1      }
 273          //读取时间
 274          ReadTime()
 275          {
 276   1              unsigned char i,m,n;
 277   1              WriteDS1302(0x8d);                      //读取年份
 278   1              m=ReadDS1302();
 279   1              rst=0;
 280   1              time1[4]=m/16+0x30;
 281   1              time1[5]=m%16+0x30;
 282   1              WriteDS1302(0x8b);                      //读取星期
 283   1              m=ReadDS1302();
 284   1              rst=0;
 285   1              time1[15]=m+0x30;
 286   1              for(i=7,n=0x89;i<11;i+=3,n-=2)  //读取月份和日期
 287   1              {
 288   2                      WriteDS1302(n);
 289   2                      m=ReadDS1302();
 290   2                      rst=0;
 291   2                      time1[i]=m/16+0x30;
 292   2                      time1[i+1]=m%16+0x30;
 293   2              }
 294   1              for(m=0,i=0,n=0x85;i<7;i+=3,n-=2,m++)   //读取时,分,秒
 295   1              {
 296   2                      WriteDS1302(n);
 297   2                      time[m]=ReadDS1302();
 298   2                      rst=0;
 299   2                      time2[i]=time[m]/16+0x30;
 300   2                      time2[i+1]=time[m]%16+0x30;
 301   2              }
 302   1      }
C51 COMPILER V9.60.0.0   MCU                                                               06/25/2022 17:57:40 PAGE 6   

 303          time0() interrupt 1 using 1
 304          {
 305   1              i--;
 306   1              if(i==0)
 307   1              {
 308   2                      if(j!=0)
 309   2                              j--;             
 310   2                      i=20;
 311   2              }
 312   1              TH0=TIME/256,TL0=TIME%256;              
 313   1      }
 314          //闹钟部分
 315          intime1() interrupt 3
 316          {
 317   1              TH1=th1,TL1=tl1;
 318   1              P3_2=!P3_2;
*** ERROR C202 IN LINE 318 OF MCU.c: 'P3_2': undefined identifier
 319   1      }
 320          //显示闹钟设置数据
 321          showalarm()
 322          {
 323   1              unsigned char i,j,a,b,n;
 324   1              ET1=1;
 325   1              for(j=0;j<6;j++)
 326   1              {
 327   2                      i=0;
 328   2                      while(1)
 329   2                      {
 330   3                              a=table2[i];
 331   3                              if(a==0)
 332   3                                      break;
 333   3                              b=a&0xf;
 334   3                              a>>=4; 
 335   3                              if(a==0)
 336   3                              {
 337   4                                      TR1=0;
 338   4                                      goto  D1;
 339   4                              }
 340   3                              a=((--a)<<1)/2;
 341   3                              TH1=th1=table1[a]/256,TL1=tl1=table1[a]%256;
 342   3                              TR1=1;
 343   3      D1:                     do
 344   3                              {
 345   4                                      b--;
 346   4                                      for(n=0;n<3;n++)
 347   4                                      {
 348   5                                              ReadTime();
 349   5                                              LCDSHOW();
 350   5                                              P2=0xf7;
 351   5                                              if(P2==0xe7)
 352   5                                              {
 353   6                                                      delay1ms(100);
 354   6                                                      if(P2==0xe7)
 355   6                                                      {
 356   7                                                              TR1=0;
 357   7                                                              ET1=0;
 358   7                                                              return;
 359   7                                                      }       
 360   6                                              }
 361   5                                      }
 362   4                              }while(b!=0);
 363   3                              i++;                            
C51 COMPILER V9.60.0.0   MCU                                                               06/25/2022 17:57:40 PAGE 7   

 364   3                      }
 365   2                      TR1=0;          
 366   2              }
 367   1              ET1=0;
 368   1      }
 369          //根据日期的变动自动调整星期
 370          unsigned char setweek()
 371          {
 372   1              unsigned char i=5,j,n;
 373   1              j=(time1[4]&0xf)*10+(time1[5]&0xf);
 374   1              n=j/4;
 375   1              i=i+5*n;
 376   1              n=j%4;
 377   1              if(n==1)
 378   1                      i+=2;
 379   1              else if(n==2)
 380   1                      i+=3;
 381   1              else if(n==3)
 382   1                      i+=4;
 383   1              j=(time1[7]&0xf)*10+(time1[8]&0xf);
 384   1              if(j==2)
 385   1                      i+=3;
 386   1              else if(j==3)
 387   1                      i+=3;   
 388   1              else if(j==4)
 389   1                      i+=6;   
 390   1              else if(j==5)
 391   1                      i+=1;   
 392   1              else if(j==6)
 393   1                      i+=4;   
 394   1              else if(j==7)
 395   1                      i+=6;   
 396   1              else if(j==8)
 397   1                      i+=2;   
 398   1              else if(j==9)
 399   1                      i+=5;
 400   1              else if(j==11)
 401   1                      i+=3;   
 402   1              else if(j==12)
 403   1                      i+=5;
 404   1              if(n==0)
 405   1                      if(j>2) 
 406   1                              i++;    
 407   1              j=(time1[10]&0xf)*10+(time1[11]&0xf);
 408   1              i+=j;
 409   1              i%=7;
 410   1              if(i==0)
 411   1                      i=7;
 412   1              return(i);      
 413   1      }
 414          //设置时间
 415          settime()
 416          {
 417   1              unsigned char i=0x85,year,month,day,n;
 418   1              time2[6]=time2[7]=0x30,time1[14]=time1[15]=0x20;
 419   1              LCDSHOW();
 420   1              while(1)
 421   1              {               
 422   2                      P0=0xe;                 //显示器开、光标开
 423   2                      EnableLCD();
 424   2                      P0=i;                   //定光标
 425   2                      EnableLCD();
C51 COMPILER V9.60.0.0   MCU                                                               06/25/2022 17:57:40 PAGE 8   

 426   2                      P2=0xf7;
 427   2                      if(P2!=0XF7)
 428   2                      {
 429   3                              delay1ms(100);                          //延时0.1s去抖动
 430   3                              if(P2!=0XF7)
 431   3                              {
 432   4                                      j=7;
 433   4                                      if(P2==0X77)
 434   4                                      {
 435   5                                              i+=3;
 436   5                                              if(i==0x8e)
 437   5                                                      i=0xc2;
 438   5                                              else if(i>0xc5)
 439   5                                                      i=0x85;
 440   5                                      }
 441   4                                      else if(P2==0xb7)
 442   4                                      {
 443   5                                              year=(time1[4]&0xf)*10+(time1[5]&0xf);
 444   5                                              month=(time1[7]&0xf)*10+(time1[8]&0xf);
 445   5                                              day=(time1[10]&0xf)*10+(time1[11]&0xf);
 446   5                                              if(i==0x85)
 447   5                                              {
 448   6                                                      year++;
 449   6                                                      if(year>99)
 450   6                                                              year=0;
 451   6                                                      if((year%4)!=0)
 452   6                                                              if(month==2&&day==29)
 453   6                                                                      day=28;
 454   6                                              }
 455   5                                              else if(i==0x88)
 456   5                                              {
 457   6                                                      month++;
 458   6                                                      if(month>12)
 459   6                                                              month=1;
 460   6                                                      if(day>Day[month-1])
 461   6                                                      {
 462   7                                                              day=Day[month-1];
 463   7                                                              if(month==2&&(year%4)==0)       
 464   7                                                                      day=29;
 465   7                                                      }                                                       
 466   6                                              }
 467   5                                              else if(i==0x8b)
 468   5                                              {
 469   6                                                      day++;
 470   6                                                      if(day>Day[month-1])
 471   6                                                      {
 472   7                                                              if(month==2&&(year%4)==0)
 473   7                                                              {
 474   8                                                                      if(day>29)
 475   8                                                                              day=1;
 476   8                                                              }
 477   7                                                              if(month!=2)
 478   7                                                                      day=1;
 479   7                                                      }
 480   6                                              }
 481   5                                              else if(i==0xc2)
 482   5                                              {
 483   6                                                      n=(time2[0]&0xf)*10+(time2[1]&0xf);
 484   6                                                      n++;
 485   6                                                      if(n>23)
 486   6                                                              n=0;
 487   6                                                      time2[0]=n/10+0x30;
C51 COMPILER V9.60.0.0   MCU                                                               06/25/2022 17:57:40 PAGE 9   

 488   6                                                      time2[1]=n%10+0x30;
 489   6                                              }
 490   5                                              else
 491   5                                              {
 492   6                                                      n=(time2[3]&0xf)*10+(time2[4]&0xf);
 493   6                                                      n++;
 494   6                                                      if(n>59)
 495   6                                                              n=0;
 496   6                                                      time2[3]=n/10+0x30;
 497   6                                                      time2[4]=n%10+0x30;
 498   6                                              }
 499   5                                              time1[4]=year/10+0x30;
 500   5                                              time1[5]=year%10+0x30;
 501   5                                              time1[7]=month/10+0x30;
 502   5                                              time1[8]=month%10+0x30;
 503   5                                              time1[10]=day/10+0x30;
 504   5                                              time1[11]=day%10+0x30;
 505   5                                              LCDSHOW();
 506   5                                      }
 507   4                                      else if(P2==0xd7)
 508   4                                      {
 509   5                                              WriteDS1302(0x8c);
 510   5                                              WriteDS1302((time1[4]&0xf)*16+(time1[5]&0xf));
 511   5                                              rst=0;
 512   5                                              WriteDS1302(0x8a);
 513   5                                              WriteDS1302(setweek());
 514   5                                              rst=0;
 515   5                                              for(i=7,n=0x88;i<11;i+=3,n-=2)
 516   5                                              {       
 517   6                                                      WriteDS1302(n);
 518   6                                                      WriteDS1302((time1[i]&0xf)*16+(time1[i+1]&0xf));
 519   6                                                      rst=0;
 520   6                                              }
 521   5                                              for(i=0;i<7;i+=3,n-=2)
 522   5                                              {
 523   6                                                      WriteDS1302(n);
 524   6                                                      WriteDS1302((time2[i]&0xf)*16+(time2[i+1]&0xf));
 525   6                                                      rst=0;
 526   6                                              }
 527   5                                              TR0=0;
 528   5                                              time1[14]='W';
 529   5                                              return;
 530   5                                      }
 531   4                                      else
 532   4                                      {
 533   5                                              TR0=0;
 534   5                                              time1[14]='W';
 535   5                                              return;
 536   5                                      }
 537   4                              }
 538   3                      }       
 539   2                      if(j==0)
 540   2                      {       
 541   3                              TR0=0;
 542   3                              time1[14]='W';
 543   3                              return;
 544   3                      }
 545   2              }
 546   1      }
 547          //设置闹钟
 548          setalarm()
 549          {
C51 COMPILER V9.60.0.0   MCU                                                               06/25/2022 17:57:40 PAGE 10  

 550   1              unsigned char i,n;
 551   1              for(i=1;i<16;i++)
 552   1              {
 553   2                      time1[i]=0x20;
 554   2              }       
 555   1              time2[0]=alarm[0]/16+0x30;
 556   1              time2[1]=(alarm[0]&0xf)+0x30;
 557   1              time2[3]=alarm[1]/16+0x30;
 558   1              time2[4]=(alarm[1]&0xf)+0x30;
 559   1              time2[6]=time2[7]=0x30;
 560   1              LCDSHOW();
 561   1              i=0xc2;
 562   1              while(1)
 563   1              {
 564   2                      P0=0xe;                 //显示器开、光标开
 565   2                      EnableLCD();
 566   2                      P0=i;                   //定光标
 567   2                      EnableLCD();
 568   2                      P2=0xf7;
 569   2                      if(P2!=0XF7)
 570   2                      {
 571   3                              delay1ms(100);                          //延时0.1s去抖动
 572   3                              if(P2!=0XF7)
 573   3                              {
 574   4                                      j=7;
 575   4                                      if(P2==0X77)
 576   4                                      {
 577   5                                              i+=3;
 578   5                                              if(i>0xc5)
 579   5                                                      i=0xc2;
 580   5                                      }
 581   4                                      else if(P2==0xb7)
 582   4                                      {
 583   5                                              if(i==0xc2)
 584   5                                              {
 585   6                                                      n=(time2[0]&0xf)*10+(time2[1]&0xf);
 586   6                                                      n++;
 587   6                                                      if(n>23)
 588   6                                                              n=0;
 589   6                                                      time2[0]=n/10+0x30;
 590   6                                                      time2[1]=n%10+0x30;
 591   6                                              }
 592   5                                              else
 593   5                                              {
 594   6                                                      n=(time2[3]&0xf)*10+(time2[4]&0xf);
 595   6                                                      n++;
 596   6                                                      if(n>59)
 597   6                                                              n=0;
 598   6                                                      time2[3]=n/10+0x30;
 599   6                                                      time2[4]=n%10+0x30;
 600   6                                              }
 601   5                                              LCDSHOW();
 602   5                                      }
 603   4                                      else if(P2==0xd7)
 604   4                                      {
 605   5                                              WriteDS1302(0xc0);
 606   5                                              WriteDS1302((time2[0]&0xf)*16+(time2[1]&0xf));
 607   5                                              rst=0;
 608   5                                              WriteDS1302(0xc2);
 609   5                                              WriteDS1302((time2[3]&0xf)*16+(time2[4]&0xf));
 610   5                                              rst=0;
 611   5                                              time1[0]=FLAG;
C51 COMPILER V9.60.0.0   MCU                                                               06/25/2022 17:57:40 PAGE 11  

 612   5                                              WriteDS1302(0xc4);
 613   5                                              WriteDS1302(time1[0]);
 614   5                                              rst=0;
 615   5                                              TR0=0;
 616   5                                              TimeInit();
 617   5                                              return;
 618   5                                      }
 619   4                                      else
 620   4                                      {
 621   5                                              TR0=0;
 622   5                                              TimeInit();
 623   5                                              return;
 624   5                                      }
 625   4                              }
 626   3                      }       
 627   2                      if(j==0)
 628   2                      {       
 629   3                              TR0=0;
 630   3                              TimeInit();
 631   3                              return;
 632   3                      }
 633   2              }
 634   1      }
 635          main()
 636          {
 637   1              IE=0X82;
 638   1              TMOD=0x11;
 639   1              WriteDS1302(0x8E);                      //禁止写保护
 640   1              WriteDS1302(0);
 641   1              rst=0;
 642   1              P0=1;                           //清屏并光标复位
 643   1              EnableLCD();
 644   1              P0=0X38;                        //设置显示模式:8位2行5x7点阵
 645   1              EnableLCD();
 646   1              P0=6;                           //文字不动,光标自动右移
 647   1              EnableLCD();
 648   1              DesignHZ();                     //自建字
 649   1              TimeInit();
 650   1              while(1)
 651   1              {       
 652   2                      ReadTime();                             //读取时间
 653   2                      Read18B20();            //读出18B20温度数据
 654   2                      DealTempData();         //处理温度数据
 655   2                      LCDSHOW();                              //显示时间
 656   2                      if(time1[0]!=0x20)
 657   2                              if(time[0]==alarm[0])
 658   2                                      if(time[1]==alarm[1])
 659   2                                              if(time[2]==0)
 660   2                                                      showalarm();
 661   2                      P2=0xf7;
 662   2                      if((P2&0XF0)!=0XF0)
 663   2                      {
 664   3                              delay1ms(100);                          //延时0.1s去抖动
 665   3                              if((P2&0XF0)!=0XF0)
 666   3                              {
 667   4                                      j=7;
 668   4                                      TH0=TIME/256,TL0=TIME%256;
 669   4                                      TR0=1;
 670   4                                      if(P2==0x77)
 671   4                                      {
 672   5                                              settime();
 673   5                                      }
C51 COMPILER V9.60.0.0   MCU                                                               06/25/2022 17:57:40 PAGE 12  

 674   4                                      else if(P2==0XB7)
 675   4                                      {
 676   5                                              setalarm();
 677   5                                      }
 678   4                                      else if(P2==0XD7)
 679   4                                      {
 680   5                                              TR0=0;
 681   5                                              if(time1[0]==FLAG)
 682   5                                                      time1[0]=0x20;
 683   5                                              else
 684   5                                                      time1[0]=FLAG;
 685   5                                              WriteDS1302(0xc4);
 686   5                                              WriteDS1302(time1[0]);
 687   5                                              rst=0;
 688   5                                      }
 689   4                              }
 690   3                      }
 691   2                      delay1ms(100);  
 692   2              }
 693   1      }

C51 COMPILATION COMPLETE.  0 WARNING(S),  1 ERROR(S)
