C51 COMPILER V9.00   LXL_24C02C                                                            06/24/2020 14:07:19 PAGE 1   


C51 COMPILER V9.00, COMPILATION OF MODULE LXL_24C02C
OBJECT MODULE PLACED IN .\Objects\lxl_24C02C.obj
COMPILER INVOKED BY: D:\C51\C51\BIN\C51.EXE lxl_24C02C.c BROWSE DEBUG OBJECTEXTEND PRINT(.\Listings\lxl_24C02C.lst) OBJE
                    -CT(.\Objects\lxl_24C02C.obj)

line level    source

   1          #include <lxl_24C02C.h>
   2          
   3          
   4          /*when crystal is 11.0592MHZ,one _nop_() takes 12*(1/11.0592MHZ)=1us.*/
   5          void iic_delay_10us(uint multi)
   6          {               
   7   1              uint num=10*multi;
   8   1              while(num--)_nop_();
   9   1      }
  10          
  11          
  12          void iic_start(void)
  13          {
  14   1              sda=1;
  15   1              scl=1;
  16   1              iic_delay_10us(iic_delay);
  17   1              sda=0;
  18   1              iic_delay_10us(iic_delay);
  19   1              scl=0;
  20   1              iic_delay_10us(iic_delay);
  21   1              
  22   1      }
  23          
  24          void iic_stop(void)
  25          {
  26   1              scl=0;
  27   1              sda=0;  
  28   1              scl=1;
  29   1              iic_delay_10us(iic_delay);
  30   1              sda=1;
  31   1              iic_delay_10us(iic_delay);
  32   1              scl=0;
  33   1              iic_delay_10us(iic_delay);
  34   1              
  35   1      }
  36          
  37          void iic_master_ack(void)
  38          {
  39   1              sda=0;//master send a zero bit for ACK.
  40   1              scl=1;
  41   1              iic_delay_10us(iic_delay);
  42   1              scl=0;
  43   1              iic_delay_10us(iic_delay);
  44   1      }
  45          
  46          void iic_master_noack(void)
  47          {
  48   1              sda=1;//master send a one bit for ACK.
  49   1              scl=1;
  50   1              iic_delay_10us(iic_delay);
  51   1              scl=0;
  52   1              iic_delay_10us(iic_delay);
  53   1      
  54   1      }
C51 COMPILER V9.00   LXL_24C02C                                                            06/24/2020 14:07:19 PAGE 2   

  55          
  56          uchar check_ack(void)
  57          {
  58   1              uchar check;// if master receive a 1,something error happend;else receive a 0,slaver ack OK.
  59   1              sda=1;
  60   1              scl=1;
  61   1              iic_delay_10us(iic_delay);
  62   1              check=sda;
  63   1              iic_delay_10us(iic_delay);
  64   1              scl=0;
  65   1              iic_delay_10us(iic_delay);
  66   1              if(check)return 1;
  67   1              return 0;
  68   1              
  69   1      }
  70          void Master_writeData(uchar masterWriteDate)
  71          {
  72   1      
  73   1              uchar i;
  74   1              for(i=0;i<8;i++)
  75   1              {
  76   2                      if(masterWriteDate&0x80)
  77   2                              iic_master_noack();             //write a 1.
  78   2                      else
  79   2                              iic_master_ack();                       //write a 0.
  80   2                      masterWriteDate<<=1;
  81   2              }
  82   1      }
  83          
  84          uchar Master_readData(void)
  85          {
  86   1      
  87   1              uchar i,recvData=0;
  88   1      
  89   1              for(i=0;i<8;i++)
  90   1              {
  91   2                      sda=1;
  92   2                      scl=1;          
  93   2                      iic_delay_10us(iic_delay);
  94   2                      recvData=_cror_(sda,i+1)|recvData;
  95   2                      iic_delay_10us(iic_delay);
  96   2                      scl=0;
  97   2              }
  98   1              return recvData;
  99   1      }
 100          /*single chip 24C02C A0-2 are all zero,so write command is 0xA0,read command is 0xA1,
 101          modify the value in file : lxl_24C02C.h */
 102          void Master_writeByte(uchar addr,uchar Byte)
 103          {
 104   1              iic_start();
 105   1              Master_writeData(WRITE);
 106   1              while(check_ack());
 107   1              Master_writeData(addr);
 108   1              while(check_ack());
 109   1              Master_writeData(Byte);
 110   1              while(check_ack());     
 111   1              iic_stop();
 112   1      }
 113          
 114          uchar Master_readByte(uchar addr)
 115          {
 116   1              uchar readByte;
C51 COMPILER V9.00   LXL_24C02C                                                            06/24/2020 14:07:19 PAGE 3   

 117   1              iic_start();
 118   1              Master_writeData(WRITE);
 119   1              while(check_ack());
 120   1              Master_writeData(addr);
 121   1              while(check_ack());
 122   1              iic_start();
 123   1              Master_writeData(READ);
 124   1              while(check_ack());
 125   1              readByte=Master_readData();
 126   1              iic_master_noack();
 127   1              iic_stop();
 128   1              return readByte;
 129   1      }


MODULE INFORMATION:   STATIC OVERLAYABLE
   CODE SIZE        =    276    ----
   CONSTANT SIZE    =   ----    ----
   XDATA SIZE       =   ----    ----
   PDATA SIZE       =   ----    ----
   DATA SIZE        =   ----       1
   IDATA SIZE       =   ----    ----
   BIT SIZE         =   ----    ----
END OF MODULE INFORMATION.


C51 COMPILATION COMPLETE.  0 WARNING(S),  0 ERROR(S)
