C51 COMPILER V9.60.0.0   MAIN                                                              06/25/2022 18:01:01 PAGE 1   


C51 COMPILER V9.60.0.0, COMPILATION OF MODULE MAIN
OBJECT MODULE PLACED IN .\Objects\main.obj
COMPILER INVOKED BY: D:\Program Files (x86)\Keil5\C51\BIN\C51.EXE main.c OPTIMIZE(8,SPEED) BROWSE DEBUG OBJECTEXTEND PRI
                    -NT(.\Listings\main.lst) OBJECT(.\Objects\main.obj)

line level    source

   1          #include <REGX52.H>
   2          #include <INTRINS.H>
   3          #include "DelayXms.h"
   4          #include "LCD1602.H"
   5          #include "MatrixKey.h"
   6          #include "Timer0.h"
   7          #include "Key.h"
   8          #include "UART.h"
   9          #include "MatrixLED.h"
  10          #include "DS1302.h"
  11          #include "OneWire.h"
  12          #include "DS18B20.h"
  13          
  14          unsigned char KeyNum, MODE, TimeSetSelect, TimeSetFlashFlag;
  15          
  16          void TimeShow(void) //时间显示功能
  17          {
  18   1              DS1302_ReadTime();                                        //读取时间
  19   1              LCD_ShowNum(1, 1, DS1302_Time[0], 2); //显示年
  20   1              LCD_ShowNum(1, 4, DS1302_Time[1], 2); //显示月
  21   1              LCD_ShowNum(1, 7, DS1302_Time[2], 2); //显示日
  22   1              LCD_ShowNum(2, 1, DS1302_Time[3], 2); //显示时
  23   1              LCD_ShowNum(2, 4, DS1302_Time[4], 2); //显示分
  24   1              LCD_ShowNum(2, 7, DS1302_Time[5], 2); //显示秒
  25   1      }
  26          
  27          void TimeSet(void) //时间设置功能
  28          {
  29   1              if (KeyNum == 2) //按键2按下
  30   1              {
  31   2                      TimeSetSelect++;        // 设置选择位加1
  32   2                      TimeSetSelect %= 6; // 越界清零
  33   2              }
  34   1              if (KeyNum == 3) //按键3按下
  35   1              {
  36   2                      DS1302_Time[TimeSetSelect]++; //时间设置位数值加1
  37   2                      if (DS1302_Time[0] > 99)
  38   2                      {
  39   3                              DS1302_Time[0] = 0;
  40   3                      } //年越界判断
  41   2                      if (DS1302_Time[1] > 12)
  42   2                      {
  43   3                              DS1302_Time[1] = 1;
  44   3                      } //月越界判断
  45   2                      if (DS1302_Time[1] == 1 || DS1302_Time[1] == 3 || DS1302_Time[1] == 5 || DS1302_Time[1] == 7 ||
  46   2                              DS1302_Time[1] == 8 || DS1302_Time[1] == 10 || DS1302_Time[1] == 12) //日越界判断
  47   2                      {
  48   3                              if (DS1302_Time[2] > 31)
  49   3                              {
  50   4                                      DS1302_Time[2] = 1;
  51   4                              } //大月
  52   3                      }
  53   2                      else if (DS1302_Time[1] == 4 || DS1302_Time[1] == 6 || DS1302_Time[1] == 9 || DS1302_Time[1] == 11)
  54   2                      {
C51 COMPILER V9.60.0.0   MAIN                                                              06/25/2022 18:01:01 PAGE 2   

  55   3                              if (DS1302_Time[2] > 30)
  56   3                              {
  57   4                                      DS1302_Time[2] = 1;
  58   4                              } //小月
  59   3                      }
  60   2                      else if (DS1302_Time[1] == 2)
  61   2                      {
  62   3                              if (DS1302_Time[0] % 4 == 0) // 判断闰年
  63   3                              {
  64   4                                      if (DS1302_Time[2] > 29)
  65   4                                      {
  66   5                                              DS1302_Time[2] = 1;
  67   5                                      } //闰年2月
  68   4                              }
  69   3                              else
  70   3                              {
  71   4                                      if (DS1302_Time[2] > 28)
  72   4                                      {
  73   5                                              DS1302_Time[2] = 1;
  74   5                                      } //平年2月
  75   4                              }
  76   3                      }
  77   2                      if (DS1302_Time[3] > 23)
  78   2                      {
  79   3                              DS1302_Time[3] = 0;
  80   3                      } //时越界判断
  81   2                      if (DS1302_Time[4] > 59)
  82   2                      {
  83   3                              DS1302_Time[4] = 0;
  84   3                      } //分越界判断
  85   2                      if (DS1302_Time[5] > 59)
  86   2                      {
  87   3                              DS1302_Time[5] = 0;
  88   3                      } //秒越界判断
  89   2              }
  90   1              if (KeyNum == 4) //按键3按下
  91   1              {
  92   2                      DS1302_Time[TimeSetSelect]--; //时间设置位数值减1
  93   2                      if (DS1302_Time[0] < 0)
  94   2                      {
  95   3                              DS1302_Time[0] = 99;
  96   3                      } //年越界判断
  97   2                      if (DS1302_Time[1] < 1)
  98   2                      {
  99   3                              DS1302_Time[1] = 12;
 100   3                      } //月越界判断
 101   2                      if (DS1302_Time[1] == 1 || DS1302_Time[1] == 3 || DS1302_Time[1] == 5 || DS1302_Time[1] == 7 ||
 102   2                              DS1302_Time[1] == 8 || DS1302_Time[1] == 10 || DS1302_Time[1] == 12) //日越界判断
 103   2                      {
 104   3                              if (DS1302_Time[2] < 1)
 105   3                              {
 106   4                                      DS1302_Time[2] = 31;
 107   4                              } //大月
 108   3                              if (DS1302_Time[2] > 31)
 109   3                              {
 110   4                                      DS1302_Time[2] = 1;
 111   4                              }
 112   3                      }
 113   2                      else if (DS1302_Time[1] == 4 || DS1302_Time[1] == 6 || DS1302_Time[1] == 9 || DS1302_Time[1] == 11)
 114   2                      {
 115   3                              if (DS1302_Time[2] < 1)
 116   3                              {
C51 COMPILER V9.60.0.0   MAIN                                                              06/25/2022 18:01:01 PAGE 3   

 117   4                                      DS1302_Time[2] = 30;
 118   4                              } //小月
 119   3                              if (DS1302_Time[2] > 30)
 120   3                              {
 121   4                                      DS1302_Time[2] = 1;
 122   4                              }
 123   3                      }
 124   2                      else if (DS1302_Time[1] == 2)
 125   2                      {
 126   3                              if (DS1302_Time[0] % 4 == 0)
 127   3                              {
 128   4                                      if (DS1302_Time[2] < 1)
 129   4                                      {
 130   5                                              DS1302_Time[2] = 29;
 131   5                                      } //闰年2月
 132   4                                      if (DS1302_Time[2] > 29)
 133   4                                      {
 134   5                                              DS1302_Time[2] = 1;
 135   5                                      }
 136   4                              }
 137   3                              else
 138   3                              {
 139   4                                      if (DS1302_Time[2] < 1)
 140   4                                      {
 141   5                                              DS1302_Time[2] = 28;
 142   5                                      } //平年2月
 143   4                                      if (DS1302_Time[2] > 28)
 144   4                                      {
 145   5                                              DS1302_Time[2] = 1;
 146   5                                      }
 147   4                              }
 148   3                      }
 149   2                      if (DS1302_Time[3] < 0)
 150   2                      {
 151   3                              DS1302_Time[3] = 23;
 152   3                      } //时越界判断
 153   2                      if (DS1302_Time[4] < 0)
 154   2                      {
 155   3                              DS1302_Time[4] = 59;
 156   3                      } //分越界判断
 157   2                      if (DS1302_Time[5] < 0)
 158   2                      {
 159   3                              DS1302_Time[5] = 59;
 160   3                      } //秒越界判断
 161   2              }
 162   1      
 163   1              // 设置完之后更新显示，根据TimeSetSelect和TimeSetFlashFlag判断可完成闪烁功能
 164   1              if (TimeSetSelect == 0 && TimeSetFlashFlag == 1)
 165   1              {
 166   2                      LCD_ShowString(1, 1, "  ");
 167   2              }
 168   1              else
 169   1              {
 170   2                      LCD_ShowNum(1, 1, DS1302_Time[0], 2);
 171   2              }
 172   1              if (TimeSetSelect == 1 && TimeSetFlashFlag == 1)
 173   1              {
 174   2                      LCD_ShowString(1, 4, "  ");
 175   2              }
 176   1              else
 177   1              {
 178   2                      LCD_ShowNum(1, 4, DS1302_Time[1], 2);
C51 COMPILER V9.60.0.0   MAIN                                                              06/25/2022 18:01:01 PAGE 4   

 179   2              }
 180   1              if (TimeSetSelect == 2 && TimeSetFlashFlag == 1)
 181   1              {
 182   2                      LCD_ShowString(1, 7, "  ");
 183   2              }
 184   1              else
 185   1              {
 186   2                      LCD_ShowNum(1, 7, DS1302_Time[2], 2);
 187   2              }
 188   1              if (TimeSetSelect == 3 && TimeSetFlashFlag == 1)
 189   1              {
 190   2                      LCD_ShowString(2, 1, "  ");
 191   2              }
 192   1              else
 193   1              {
 194   2                      LCD_ShowNum(2, 1, DS1302_Time[3], 2);
 195   2              }
 196   1              if (TimeSetSelect == 4 && TimeSetFlashFlag == 1)
 197   1              {
 198   2                      LCD_ShowString(2, 4, "  ");
 199   2              }
 200   1              else
 201   1              {
 202   2                      LCD_ShowNum(2, 4, DS1302_Time[4], 2);
 203   2              }
 204   1              if (TimeSetSelect == 5 && TimeSetFlashFlag == 1)
 205   1              {
 206   2                      LCD_ShowString(2, 7, "  ");
 207   2              }
 208   1              else
 209   1              {
 210   2                      LCD_ShowNum(2, 7, DS1302_Time[5], 2);
 211   2              }
 212   1      }
 213          
 214          void Timer0_Routine() interrupt 1
 215          {
 216   1              static unsigned int T0Count;
 217   1              TL0 = 0x18; //设置定时初值
 218   1              TH0 = 0xFC; //设置定时初值
 219   1              T0Count++;
 220   1              if (T0Count >= 500) //每500ms进入一次
 221   1              {
 222   2                      T0Count = 0;
 223   2                      TimeSetFlashFlag = !TimeSetFlashFlag; //闪烁标志位取反
 224   2              }
 225   1      }
 226          
 227          float T;
 228          
 229          void ShowTemperature()
 230          {
 231   1              DS18B20_ConvertT(); //上电先转换一次温度，防止第一次读数据错误
 232   1              Delay(1000);            //等待转换完成
 233   1              // LCD_Init();
 234   1              LCD_ShowString(1, 10, "Temper:");
 235   1              DS18B20_ConvertT();      // 转换温度
 236   1              T = DS18B20_ReadT(); // 读取温度
 237   1              if (T < 0)                       // 如果温度小于0
 238   1              {
 239   2                      LCD_ShowChar(2, 11, '-'); // 显示负号
 240   2                      T = -T;                                   // 将温度变为正数
C51 COMPILER V9.60.0.0   MAIN                                                              06/25/2022 18:01:01 PAGE 5   

 241   2              }
 242   1              else //如果温度大于等于0
 243   1              {
 244   2                      LCD_ShowChar(2, 11, '+'); // 显示正号
 245   2              }
 246   1              LCD_ShowNum(2, 12, T, 2);                                                                  // 显示温度整数部分
 247   1              LCD_ShowChar(2, 14, '.');                                                                  // 显示小数点
 248   1              LCD_ShowNum(2, 15, (unsigned long)(T * 10000) % 10000, 2); // 显示温度小数部分
 249   1      }
 250          
 251          void ShowTime()
 252          {
 253   1              // LCD_Init();
 254   1              DS1302_Init();
 255   1              Timer0Init();
 256   1              LCD_ShowString(1, 1, "  -  -  "); //静态字符初始化显示
 257   1              LCD_ShowString(2, 1, "  :  :  ");
 258   1              DS1302_SetTime(); //设置时间
 259   1      
 260   1              while (1)
 261   1              {
 262   2                      KeyNum = MatrixKey(); //读取键码
 263   2                      if (KeyNum == 1)          //按键1按下
 264   2                      {
 265   3                              if (MODE == 0)
 266   3                              {
 267   4                                      MODE = 1;
 268   4                                      TimeSetSelect = 0;
 269   4                              } //功能切换
 270   3                              else if (MODE == 1)
 271   3                              {
 272   4                                      MODE = 0;
 273   4                                      DS1302_SetTime();
 274   4                              }
 275   3                      }
 276   2                      if (MODE == 0) // 根据不同的功能执行不同的函数
 277   2                      {
 278   3                              TimeShow();
 279   3                      }
 280   2                      if (MODE == 1)
 281   2                      {
 282   3                              TimeSet();
 283   3                      }
 284   2                      if (KeyNum == 5)
 285   2                      {
 286   3                              ShowTemperature();
 287   3                      }
 288   2              }
 289   1      }
 290          
 291          void main()
 292          {
 293   1              LCD_Init();
 294   1              while (1)
 295   1              {
 296   2                      // ShowTemperature();
 297   2                      ShowTime();
 298   2              }
 299   1      }


MODULE INFORMATION:   STATIC OVERLAYABLE
C51 COMPILER V9.60.0.0   MAIN                                                              06/25/2022 18:01:01 PAGE 6   

   CODE SIZE        =   3084    ----
   CONSTANT SIZE    =     29    ----
   XDATA SIZE       =   ----    ----
   PDATA SIZE       =   ----    ----
   DATA SIZE        =     17      29
   IDATA SIZE       =   ----    ----
   BIT SIZE         =   ----    ----
END OF MODULE INFORMATION.


C51 COMPILATION COMPLETE.  0 WARNING(S),  0 ERROR(S)
