C51 COMPILER V9.60.0.0   MAIN                                                              06/24/2022 10:41:35 PAGE 1   


C51 COMPILER V9.60.0.0, COMPILATION OF MODULE MAIN
OBJECT MODULE PLACED IN .\Objects\main.obj
COMPILER INVOKED BY: D:\Program Files (x86)\Keil5\C51\BIN\C51.EXE main.c OPTIMIZE(8,SPEED) BROWSE DEBUG OBJECTEXTEND PRI
                    -NT(.\Listings\main.lst) OBJECT(.\Objects\main.obj)

line level    source

   1          #include <REGX52.H>
   2          #include <INTRINS.H>
   3          #include "DelayXms.h"
   4          #include "NixieTube.h"
   5          
   6          void test1()
   7          {
   8   1          // 位选，让第六个数码管（LED6）导通 也就是Y5=0
   9   1          P2_4 = 1;
  10   1          P2_3 = 0;
  11   1          P2_2 = 1;
  12   1          // 由于P2口也控制LED的亮灭，因此会产生引脚冲突，LED6数码管点亮的同时，D4也亮了
  13   1      
  14   1          // 段选 0111 1101
  15   1          P0 = 0x7D;
  16   1          while (1)
  17   1          {
  18   2              // 动态停机
  19   2          }
  20   1          whiel();
*** WARNING C206 IN LINE 20 OF main.c: 'whiel': missing function-prototype
  21   1      }
  22          
  23          
  24          
  25          void test2()
  26          {
  27   1          // 第一位显示1，然后变成第二位显示2
  28   1          NixieTube(1, 1);
  29   1          Delay1ms(500);
  30   1          NixieTube(2, 2);
  31   1          Delay1ms(500);
  32   1          while (1)
  33   1          {
  34   2      
  35   2          }
  36   1      }
  37          
  38          // 动态数码管 显示学号
  39          void test3()
  40          {
  41   1          while (1)
  42   1          {
  43   2              NixieTube(1, 2);
  44   2              NixieTube(2, 0);
  45   2              NixieTube(3, 2);
  46   2              NixieTube(4, 0);
  47   2              NixieTube(5, 1);
  48   2              NixieTube(6, 3);
  49   2              NixieTube(7, 5);
  50   2              NixieTube(8, 7);
  51   2          }
  52   1      }
  53          
C51 COMPILER V9.60.0.0   MAIN                                                              06/24/2022 10:41:35 PAGE 2   

  54          void main()
  55          {
  56   1          test3();
  57   1      }
*** WARNING C294 IN LINE 20 OF main.c: unreachable code


MODULE INFORMATION:   STATIC OVERLAYABLE
   CODE SIZE        =    225    ----
   CONSTANT SIZE    =   ----    ----
   XDATA SIZE       =   ----    ----
   PDATA SIZE       =   ----    ----
   DATA SIZE        =     10    ----
   IDATA SIZE       =   ----    ----
   BIT SIZE         =   ----    ----
END OF MODULE INFORMATION.


C51 COMPILATION COMPLETE.  2 WARNING(S),  0 ERROR(S)
